<?xml version="1.0" encoding="UTF-8"?>
<!-- Generated by org.testng.reporters.JUnitXMLReporter -->
<testsuite hostname="Janky-PC" ignored="0" tests="9" failures="1" timestamp="2020-05-17T21:52:09 IST" time="153.498" errors="0">
  <testcase name="step1" time="13.102" classname="Tests"/>
  <testcase name="step2" time="22.042" classname="Tests"/>
  <testcase name="step3" time="8.83" classname="Tests"/>
  <testcase name="step4" time="6.5" classname="Tests"/>
  <testcase name="step5" time="5.29" classname="Tests"/>
  <testcase name="step6" time="0.234" classname="Tests"/>
  <testcase name="step7" time="10.749" classname="Tests"/>
  <testcase name="step8" time="30.494" classname="Tests">
    <failure type="java.lang.AssertionError" message="Start Free Trial not available for this course. expected [true] but found [false]">
      <![CDATA[java.lang.AssertionError: Start Free Trial not available for this course. expected [true] but found [false]
at Tests.step8(Tests.java:120)
at java.util.ArrayList.forEach(ArrayList.java:1249)
... Removed 29 stack frames]]>
    </failure>
  </testcase> <!-- step8 -->
  <testcase name="step9" time="0.576" classname="Tests"/>
</testsuite>
